<?xml version="1.0" encoding="UTF-8"?>
<!-- Generated by org.testng.reporters.JUnitXMLReporter -->
<testsuite ignored="6" hostname="DESKTOP-UDTVPM0" failures="0" tests="7" name="Test" time="37.601" errors="0" timestamp="2025-07-05T16:02:46 IST">
  <testcase classname="testCases.Login_TestCases" name="login" time="3.957"/>
  <testcase classname="testCases.attendance_TestCases" name="attendance" time="4.38"/>
  <testcase classname="testCases.attendance_TestCases" name="attendance" time="4.388"/>
  <testcase classname="testCases.attendance_TestCases" name="attendance" time="4.391"/>
  <testcase classname="testCases.attendance_TestCases" name="attendance" time="4.397"/>
  <testcase classname="testCases.leave_TestCases" name="leave" time="10.406"/>
  <testcase classname="testCases.billing_TestCases" name="billing" time="5.592"/>
  <testcase classname="pageObjects.Camu_Login" name="@BeforeSuite lauchbrowser" time="0.0">
    <ignored/>
  </testcase> <!-- @BeforeSuite lauchbrowser -->
  <testcase classname="pageObjects.Camu_Login" name="@AfterSuite closeoff" time="0.0">
    <ignored/>
  </testcase> <!-- @AfterSuite closeoff -->
  <testcase classname="pageObjects.Camu_Login" name="@AfterSuite closeoff" time="0.0">
    <ignored/>
  </testcase> <!-- @AfterSuite closeoff -->
  <testcase classname="pageObjects.Camu_Login" name="@BeforeSuite lauchbrowser" time="0.0">
    <ignored/>
  </testcase> <!-- @BeforeSuite lauchbrowser -->
  <testcase classname="pageObjects.Camu_Login" name="@BeforeSuite lauchbrowser" time="0.0">
    <ignored/>
  </testcase> <!-- @BeforeSuite lauchbrowser -->
  <testcase classname="pageObjects.Camu_Login" name="@AfterSuite closeoff" time="0.0">
    <ignored/>
  </testcase> <!-- @AfterSuite closeoff -->
</testsuite> <!-- Test -->
