<?xml version="1.0" encoding="UTF-8"?>
<!-- Generated by org.testng.reporters.JUnitXMLReporter -->
<testsuite ignored="6" hostname="DESKTOP-UDTVPM0" failures="0" tests="4" name="Test" time="24.815" errors="0" timestamp="2025-07-03T19:40:56 IST">
  <testcase classname="testCases.Login_TestCases" name="login" time="4.124"/>
  <testcase classname="testCases.attendance_TestCases" name="attendance" time="4.363"/>
  <testcase classname="testCases.leave_TestCases" name="leave" time="10.505"/>
  <testcase classname="testCases.billing_TestCases" name="billing" time="5.732"/>
  <testcase classname="pageObjects.Camu_Login" name="@BeforeSuite lauchbrowser" time="0.0">
    <ignored/>
  </testcase> <!-- @BeforeSuite lauchbrowser -->
  <testcase classname="pageObjects.Camu_Login" name="@AfterSuite closeoff" time="0.0">
    <ignored/>
  </testcase> <!-- @AfterSuite closeoff -->
  <testcase classname="pageObjects.Camu_Login" name="@BeforeSuite lauchbrowser" time="0.0">
    <ignored/>
  </testcase> <!-- @BeforeSuite lauchbrowser -->
  <testcase classname="pageObjects.Camu_Login" name="@AfterSuite closeoff" time="0.0">
    <ignored/>
  </testcase> <!-- @AfterSuite closeoff -->
  <testcase classname="pageObjects.Camu_Login" name="@BeforeSuite lauchbrowser" time="0.0">
    <ignored/>
  </testcase> <!-- @BeforeSuite lauchbrowser -->
  <testcase classname="pageObjects.Camu_Login" name="@AfterSuite closeoff" time="0.0">
    <ignored/>
  </testcase> <!-- @AfterSuite closeoff -->
</testsuite> <!-- Test -->
