<?xml version="1.0" encoding="UTF-8"?>
<testng-results ignored="0" total="1" passed="1" failed="0" skipped="0">
  <reporter-output>
  </reporter-output>
  <suite started-at="2025-07-03T14:50:53 IST" name="Default suite" finished-at="2025-07-03T14:50:55 IST" duration-ms="1563">
    <groups>
    </groups>
    <test started-at="2025-07-03T14:50:53 IST" name="Default test" finished-at="2025-07-03T14:50:55 IST" duration-ms="1563">
      <class name="pageObjects.Camu_Login">
        <test-method is-config="true" signature="lauchbrowser()[pri:0, instance:pageObjects.Camu_Login@3c46e67a]" started-at="2025-07-03T14:50:50 IST" name="lauchbrowser" finished-at="2025-07-03T14:50:53 IST" duration-ms="3627" status="PASS">
          <reporter-output>
          </reporter-output>
        </test-method> <!-- lauchbrowser -->
        <test-method signature="login()[pri:0, instance:pageObjects.Camu_Login@3c46e67a]" started-at="2025-07-03T14:50:53 IST" name="login" finished-at="2025-07-03T14:50:55 IST" duration-ms="1517" status="PASS">
          <reporter-output>
          </reporter-output>
        </test-method> <!-- login -->
        <test-method is-config="true" signature="closeoff()[pri:0, instance:pageObjects.Camu_Login@3c46e67a]" started-at="2025-07-03T14:50:55 IST" name="closeoff" finished-at="2025-07-03T14:50:55 IST" duration-ms="1" status="PASS">
          <reporter-output>
          </reporter-output>
        </test-method> <!-- closeoff -->
      </class> <!-- pageObjects.Camu_Login -->
    </test> <!-- Default test -->
  </suite> <!-- Default suite -->
</testng-results>
